-------------------------------------------------------------------------------
Test set: RegisterTest
-------------------------------------------------------------------------------
Tests run: 3, Failures: 1, Errors: 0, Skipped: 0, Time elapsed: 4.498 sec <<< FAILURE!
RegisterTest.testUsername_exists()  Time elapsed: 4.479 sec  <<< FAILURE!
java.lang.NullPointerException
	at com.coursework.user_management.User.username_exists(User.java:177)
	at RegisterTest.testUsername_exists(RegisterTest.java:76)

